# JRE version: Java(TM) SE Runtime Environment (8.0_101-b13) (build 1.8.0_101-b13)
# Java VM: Java HotSpot(TM) 64-Bit Server VM (25.101-b13 mixed mode windows-amd64 compressed oops)
Heap:
 PSYoungGen      total 91136K, used 25010K [0x0000000780700000, 0x0000000787580000, 0x00000007c0000000)
  eden space 84480K, 21% used [0x0000000780700000,0x00000007818f05e8,0x0000000785980000)
  from space 6656K, 99% used [0x0000000786f00000,0x000000078757c3c0,0x0000000787580000)
  to   space 8192K, 0% used [0x0000000786580000,0x0000000786580000,0x0000000786d80000)
 ParOldGen       total 73216K, used 20325K [0x0000000701400000, 0x0000000705b80000, 0x0000000780700000)
  object space 73216K, 27% used [0x0000000701400000,0x00000007027d9510,0x0000000705b80000)
 Metaspace       used 40818K, capacity 42072K, committed 42112K, reserved 1085440K
  class space    used 5482K, capacity 5732K, committed 5760K, reserved 1048576K
GC Heap History (10 events):
Event: 6.846 GC heap before
{Heap before GC invocations=6 (full 1):
 PSYoungGen      total 91136K, used 90925K [0x0000000780700000, 0x0000000787580000, 0x00000007c0000000)
  eden space 84480K, 100% used [0x0000000780700000,0x0000000785980000,0x0000000785980000)
  from space 6656K, 96% used [0x0000000786f00000,0x000000078754b590,0x0000000787580000)
  to   space 8192K, 0% used [0x0000000786580000,0x0000000786580000,0x0000000786d80000)
 ParOldGen       total 73216K, used 7453K [0x0000000701400000, 0x0000000705b80000, 0x0000000780700000)
  object space 73216K, 10% used [0x0000000701400000,0x0000000701b47668,0x0000000705b80000)
 Metaspace       used 30810K, capacity 31828K, committed 32000K, reserved 1077248K
  class space    used 4025K, capacity 4260K, committed 4352K, reserved 1048576K
Event: 6.857 GC heap after
Heap after GC invocations=6 (full 1):
 PSYoungGen      total 92672K, used 8170K [0x0000000780700000, 0x0000000787580000, 0x00000007c0000000)
  eden space 84480K, 0% used [0x0000000780700000,0x0000000780700000,0x0000000785980000)
  from space 8192K, 99% used [0x0000000786580000,0x0000000786d7abb0,0x0000000786d80000)
  to   space 6656K, 0% used [0x0000000786f00000,0x0000000786f00000,0x0000000787580000)
 ParOldGen       total 73216K, used 10177K [0x0000000701400000, 0x0000000705b80000, 0x0000000780700000)
  object space 73216K, 13% used [0x0000000701400000,0x0000000701df04d8,0x0000000705b80000)
 Metaspace       used 30810K, capacity 31828K, committed 32000K, reserved 1077248K
  class space    used 4025K, capacity 4260K, committed 4352K, reserved 1048576K
}
Event: 7.962 GC heap before
{Heap before GC invocations=7 (full 1):
 PSYoungGen      total 92672K, used 63473K [0x0000000780700000, 0x0000000787580000, 0x00000007c0000000)
  eden space 84480K, 65% used [0x0000000780700000,0x0000000783d01ba8,0x0000000785980000)
  from space 8192K, 99% used [0x0000000786580000,0x0000000786d7abb0,0x0000000786d80000)
  to   space 6656K, 0% used [0x0000000786f00000,0x0000000786f00000,0x0000000787580000)
 ParOldGen       total 73216K, used 10177K [0x0000000701400000, 0x0000000705b80000, 0x0000000780700000)
  object space 73216K, 13% used [0x0000000701400000,0x0000000701df04d8,0x0000000705b80000)
 Metaspace       used 34246K, capacity 35262K, committed 35416K, reserved 1079296K
  class space    used 4551K, capacity 4783K, committed 4864K, reserved 1048576K
Event: 7.987 GC heap after
Heap after GC invocations=7 (full 1):
 PSYoungGen      total 91136K, used 6638K [0x0000000780700000, 0x0000000787580000, 0x00000007c0000000)
  eden space 84480K, 0% used [0x0000000780700000,0x0000000780700000,0x0000000785980000)
  from space 6656K, 99% used [0x0000000786f00000,0x000000078757b850,0x0000000787580000)
  to   space 8192K, 0% used [0x0000000786580000,0x0000000786580000,0x0000000786d80000)
 ParOldGen       total 73216K, used 15010K [0x0000000701400000, 0x0000000705b80000, 0x0000000780700000)
  object space 73216K, 20% used [0x0000000701400000,0x00000007022a8a80,0x0000000705b80000)
 Metaspace       used 34246K, capacity 35262K, committed 35416K, reserved 1079296K
  class space    used 4551K, capacity 4783K, committed 4864K, reserved 1048576K
}
Event: 7.987 GC heap before
{Heap before GC invocations=8 (full 2):
 PSYoungGen      total 91136K, used 6638K [0x0000000780700000, 0x0000000787580000, 0x00000007c0000000)
  eden space 84480K, 0% used [0x0000000780700000,0x0000000780700000,0x0000000785980000)
  from space 6656K, 99% used [0x0000000786f00000,0x000000078757b850,0x0000000787580000)
  to   space 8192K, 0% used [0x0000000786580000,0x0000000786580000,0x0000000786d80000)
 ParOldGen       total 73216K, used 15010K [0x0000000701400000, 0x0000000705b80000, 0x0000000780700000)
  object space 73216K, 20% used [0x0000000701400000,0x00000007022a8a80,0x0000000705b80000)
 Metaspace       used 34246K, capacity 35262K, committed 35416K, reserved 1079296K
  class space    used 4551K, capacity 4783K, committed 4864K, reserved 1048576K
Event: 8.054 GC heap after
Heap after GC invocations=8 (full 2):
 PSYoungGen      total 91136K, used 0K [0x0000000780700000, 0x0000000787580000, 0x00000007c0000000)
  eden space 84480K, 0% used [0x0000000780700000,0x0000000780700000,0x0000000785980000)
  from space 6656K, 0% used [0x0000000786f00000,0x0000000786f00000,0x0000000787580000)
  to   space 8192K, 0% used [0x0000000786580000,0x0000000786580000,0x0000000786d80000)
 ParOldGen       total 73216K, used 18023K [0x0000000701400000, 0x0000000705b80000, 0x0000000780700000)
  object space 73216K, 24% used [0x0000000701400000,0x0000000702599c98,0x0000000705b80000)
 Metaspace       used 34246K, capacity 35262K, committed 35416K, reserved 1079296K
  class space    used 4551K, capacity 4783K, committed 4864K, reserved 1048576K
}
Event: 12.032 GC heap before
{Heap before GC invocations=9 (full 2):
 PSYoungGen      total 91136K, used 84480K [0x0000000780700000, 0x0000000787580000, 0x00000007c0000000)
  eden space 84480K, 100% used [0x0000000780700000,0x0000000785980000,0x0000000785980000)
  from space 6656K, 0% used [0x0000000786f00000,0x0000000786f00000,0x0000000787580000)
  to   space 8192K, 0% used [0x0000000786580000,0x0000000786580000,0x0000000786d80000)
 ParOldGen       total 73216K, used 18023K [0x0000000701400000, 0x0000000705b80000, 0x0000000780700000)
  object space 73216K, 24% used [0x0000000701400000,0x0000000702599c98,0x0000000705b80000)
 Metaspace       used 37919K, capacity 39080K, committed 39424K, reserved 1083392K
  class space    used 5030K, capacity 5266K, committed 5376K, reserved 1048576K
Event: 12.039 GC heap after
Heap after GC invocations=9 (full 2):
 PSYoungGen      total 92672K, used 6193K [0x0000000780700000, 0x0000000787580000, 0x00000007c0000000)
  eden space 84480K, 0% used [0x0000000780700000,0x0000000780700000,0x0000000785980000)
  from space 8192K, 75% used [0x0000000786580000,0x0000000786b8c5d0,0x0000000786d80000)
  to   space 6656K, 0% used [0x0000000786f00000,0x0000000786f00000,0x0000000787580000)
 ParOldGen       total 73216K, used 18031K [0x0000000701400000, 0x0000000705b80000, 0x0000000780700000)
  object space 73216K, 24% used [0x0000000701400000,0x000000070259bc98,0x0000000705b80000)
 Metaspace       used 37919K, capacity 39080K, committed 39424K, reserved 1083392K
  class space    used 5030K, capacity 5266K, committed 5376K, reserved 1048576K
}
Event: 12.921 GC heap before
{Heap before GC invocations=10 (full 2):
 PSYoungGen      total 92672K, used 90673K [0x0000000780700000, 0x0000000787580000, 0x00000007c0000000)
  eden space 84480K, 100% used [0x0000000780700000,0x0000000785980000,0x0000000785980000)
  from space 8192K, 75% used [0x0000000786580000,0x0000000786b8c5d0,0x0000000786d80000)
  to   space 6656K, 0% used [0x0000000786f00000,0x0000000786f00000,0x0000000787580000)
 ParOldGen       total 73216K, used 18031K [0x0000000701400000, 0x0000000705b80000, 0x0000000780700000)
  object space 73216K, 24% used [0x0000000701400000,0x000000070259bc98,0x0000000705b80000)
 Metaspace       used 40238K, capacity 41510K, committed 41856K, reserved 1085440K
  class space    used 5368K, capacity 5633K, committed 5760K, reserved 1048576K
Event: 12.934 GC heap after
Heap after GC invocations=10 (full 2):
 PSYoungGen      total 91136K, used 6640K [0x0000000780700000, 0x0000000787580000, 0x00000007c0000000)
  eden space 84480K, 0% used [0x0000000780700000,0x0000000780700000,0x0000000785980000)
  from space 6656K, 99% used [0x0000000786f00000,0x000000078757c3c0,0x0000000787580000)
  to   space 8192K, 0% used [0x0000000786580000,0x0000000786580000,0x0000000786d80000)
 ParOldGen       total 73216K, used 20325K [0x0000000701400000, 0x0000000705b80000, 0x0000000780700000)
  object space 73216K, 27% used [0x0000000701400000,0x00000007027d9510,0x0000000705b80000)
 Metaspace       used 40238K, capacity 41510K, committed 41856K, reserved 1085440K
  class space    used 5368K, capacity 5633K, committed 5760K, reserved 1048576K
}

