# JRE version: Java(TM) SE Runtime Environment (8.0_101-b13) (build 1.8.0_101-b13)
# Java VM: Java HotSpot(TM) 64-Bit Server VM (25.101-b13 mixed mode windows-amd64 compressed oops)
Heap:
 PSYoungGen      total 467456K, used 36826K [0x0000000780700000, 0x00000007a4b80000, 0x00000007c0000000)
  eden space 442880K, 8% used [0x0000000780700000,0x0000000782af68d8,0x000000079b780000)
  from space 24576K, 0% used [0x000000079b780000,0x000000079b780000,0x000000079cf80000)
  to   space 24576K, 0% used [0x00000007a3380000,0x00000007a3380000,0x00000007a4b80000)
 ParOldGen       total 151552K, used 33530K [0x0000000701400000, 0x000000070a800000, 0x0000000780700000)
  object space 151552K, 22% used [0x0000000701400000,0x00000007034bea38,0x000000070a800000)
 Metaspace       used 57284K, capacity 60124K, committed 60416K, reserved 1101824K
  class space    used 7697K, capacity 8186K, committed 8192K, reserved 1048576K
GC Heap History (10 events):
Event: 15.772 GC heap before
{Heap before GC invocations=8 (full 2):
 PSYoungGen      total 204800K, used 196608K [0x0000000780700000, 0x0000000794a00000, 0x00000007c0000000)
  eden space 196608K, 100% used [0x0000000780700000,0x000000078c700000,0x000000078c700000)
  from space 8192K, 0% used [0x000000078c700000,0x000000078c700000,0x000000078cf00000)
  to   space 15360K, 0% used [0x0000000793b00000,0x0000000793b00000,0x0000000794a00000)
 ParOldGen       total 111104K, used 19780K [0x0000000701400000, 0x0000000708080000, 0x0000000780700000)
  object space 111104K, 17% used [0x0000000701400000,0x00000007027510b8,0x0000000708080000)
 Metaspace       used 41128K, capacity 42410K, committed 42752K, reserved 1085440K
  class space    used 5532K, capacity 5799K, committed 5888K, reserved 1048576K
Event: 15.888 GC heap after
Heap after GC invocations=8 (full 2):
 PSYoungGen      total 313856K, used 13772K [0x0000000780700000, 0x0000000795100000, 0x00000007c0000000)
  eden space 298496K, 0% used [0x0000000780700000,0x0000000780700000,0x0000000792a80000)
  from space 15360K, 89% used [0x0000000793b00000,0x0000000794873038,0x0000000794a00000)
  to   space 16896K, 0% used [0x0000000792a80000,0x0000000792a80000,0x0000000793b00000)
 ParOldGen       total 111104K, used 19780K [0x0000000701400000, 0x0000000708080000, 0x0000000780700000)
  object space 111104K, 17% used [0x0000000701400000,0x00000007027510b8,0x0000000708080000)
 Metaspace       used 41128K, capacity 42410K, committed 42752K, reserved 1085440K
  class space    used 5532K, capacity 5799K, committed 5888K, reserved 1048576K
}
Event: 20.249 GC heap before
{Heap before GC invocations=9 (full 2):
 PSYoungGen      total 313856K, used 312268K [0x0000000780700000, 0x0000000795100000, 0x00000007c0000000)
  eden space 298496K, 100% used [0x0000000780700000,0x0000000792a80000,0x0000000792a80000)
  from space 15360K, 89% used [0x0000000793b00000,0x0000000794873038,0x0000000794a00000)
  to   space 16896K, 0% used [0x0000000792a80000,0x0000000792a80000,0x0000000793b00000)
 ParOldGen       total 111104K, used 19780K [0x0000000701400000, 0x0000000708080000, 0x0000000780700000)
  object space 111104K, 17% used [0x0000000701400000,0x00000007027510b8,0x0000000708080000)
 Metaspace       used 48608K, capacity 50658K, committed 50816K, reserved 1093632K
  class space    used 6518K, capacity 6915K, committed 7040K, reserved 1048576K
Event: 20.314 GC heap after
Heap after GC invocations=9 (full 2):
 PSYoungGen      total 315392K, used 16876K [0x0000000780700000, 0x000000079e780000, 0x00000007c0000000)
  eden space 298496K, 0% used [0x0000000780700000,0x0000000780700000,0x0000000792a80000)
  from space 16896K, 99% used [0x0000000792a80000,0x0000000793afb2d0,0x0000000793b00000)
  to   space 20480K, 0% used [0x000000079d380000,0x000000079d380000,0x000000079e780000)
 ParOldGen       total 111104K, used 21548K [0x0000000701400000, 0x0000000708080000, 0x0000000780700000)
  object space 111104K, 19% used [0x0000000701400000,0x000000070290b358,0x0000000708080000)
 Metaspace       used 48608K, capacity 50658K, committed 50816K, reserved 1093632K
  class space    used 6518K, capacity 6915K, committed 7040K, reserved 1048576K
}
Event: 26.831 GC heap before
{Heap before GC invocations=10 (full 2):
 PSYoungGen      total 315392K, used 315372K [0x0000000780700000, 0x000000079e780000, 0x00000007c0000000)
  eden space 298496K, 100% used [0x0000000780700000,0x0000000792a80000,0x0000000792a80000)
  from space 16896K, 99% used [0x0000000792a80000,0x0000000793afb2d0,0x0000000793b00000)
  to   space 20480K, 0% used [0x000000079d380000,0x000000079d380000,0x000000079e780000)
 ParOldGen       total 111104K, used 21548K [0x0000000701400000, 0x0000000708080000, 0x0000000780700000)
  object space 111104K, 19% used [0x0000000701400000,0x000000070290b358,0x0000000708080000)
 Metaspace       used 52220K, capacity 54500K, committed 54528K, reserved 1095680K
  class space    used 6989K, capacity 7414K, committed 7424K, reserved 1048576K
Event: 26.891 GC heap after
Heap after GC invocations=10 (full 2):
 PSYoungGen      total 457728K, used 20478K [0x0000000780700000, 0x000000079e780000, 0x00000007c0000000)
  eden space 437248K, 0% used [0x0000000780700000,0x0000000780700000,0x000000079b200000)
  from space 20480K, 99% used [0x000000079d380000,0x000000079e77f908,0x000000079e780000)
  to   space 24576K, 0% used [0x000000079b780000,0x000000079b780000,0x000000079cf80000)
 ParOldGen       total 111104K, used 24079K [0x0000000701400000, 0x0000000708080000, 0x0000000780700000)
  object space 111104K, 21% used [0x0000000701400000,0x0000000702b83d18,0x0000000708080000)
 Metaspace       used 52220K, capacity 54500K, committed 54528K, reserved 1095680K
  class space    used 6989K, capacity 7414K, committed 7424K, reserved 1048576K
}
Event: 36.270 GC heap before
{Heap before GC invocations=11 (full 2):
 PSYoungGen      total 457728K, used 368762K [0x0000000780700000, 0x000000079e780000, 0x00000007c0000000)
  eden space 437248K, 79% used [0x0000000780700000,0x0000000795b1f080,0x000000079b200000)
  from space 20480K, 99% used [0x000000079d380000,0x000000079e77f908,0x000000079e780000)
  to   space 24576K, 0% used [0x000000079b780000,0x000000079b780000,0x000000079cf80000)
 ParOldGen       total 111104K, used 24079K [0x0000000701400000, 0x0000000708080000, 0x0000000780700000)
  object space 111104K, 21% used [0x0000000701400000,0x0000000702b83d18,0x0000000708080000)
 Metaspace       used 56173K, capacity 58970K, committed 59028K, reserved 1099776K
  class space    used 7519K, capacity 8019K, committed 8064K, reserved 1048576K
Event: 36.319 GC heap after
Heap after GC invocations=11 (full 2):
 PSYoungGen      total 467456K, used 15940K [0x0000000780700000, 0x00000007a4b80000, 0x00000007c0000000)
  eden space 442880K, 0% used [0x0000000780700000,0x0000000780700000,0x000000079b780000)
  from space 24576K, 64% used [0x000000079b780000,0x000000079c711380,0x000000079cf80000)
  to   space 24576K, 0% used [0x00000007a3380000,0x00000007a3380000,0x00000007a4b80000)
 ParOldGen       total 111104K, used 28555K [0x0000000701400000, 0x0000000708080000, 0x0000000780700000)
  object space 111104K, 25% used [0x0000000701400000,0x0000000702fe2cd8,0x0000000708080000)
 Metaspace       used 56173K, capacity 58970K, committed 59028K, reserved 1099776K
  class space    used 7519K, capacity 8019K, committed 8064K, reserved 1048576K
}
Event: 36.319 GC heap before
{Heap before GC invocations=12 (full 3):
 PSYoungGen      total 467456K, used 15940K [0x0000000780700000, 0x00000007a4b80000, 0x00000007c0000000)
  eden space 442880K, 0% used [0x0000000780700000,0x0000000780700000,0x000000079b780000)
  from space 24576K, 64% used [0x000000079b780000,0x000000079c711380,0x000000079cf80000)
  to   space 24576K, 0% used [0x00000007a3380000,0x00000007a3380000,0x00000007a4b80000)
 ParOldGen       total 111104K, used 28555K [0x0000000701400000, 0x0000000708080000, 0x0000000780700000)
  object space 111104K, 25% used [0x0000000701400000,0x0000000702fe2cd8,0x0000000708080000)
 Metaspace       used 56173K, capacity 58970K, committed 59028K, reserved 1099776K
  class space    used 7519K, capacity 8019K, committed 8064K, reserved 1048576K
Event: 36.492 GC heap after
Heap after GC invocations=12 (full 3):
 PSYoungGen      total 467456K, used 0K [0x0000000780700000, 0x00000007a4b80000, 0x00000007c0000000)
  eden space 442880K, 0% used [0x0000000780700000,0x0000000780700000,0x000000079b780000)
  from space 24576K, 0% used [0x000000079b780000,0x000000079b780000,0x000000079cf80000)
  to   space 24576K, 0% used [0x00000007a3380000,0x00000007a3380000,0x00000007a4b80000)
 ParOldGen       total 151552K, used 33530K [0x0000000701400000, 0x000000070a800000, 0x0000000780700000)
  object space 151552K, 22% used [0x0000000701400000,0x00000007034bea38,0x000000070a800000)
 Metaspace       used 56173K, capacity 58970K, committed 59028K, reserved 1099776K
  class space    used 7519K, capacity 8019K, committed 8064K, reserved 1048576K
}

